0 info it worked if it ends with ok
1 verbose cli [ '/home/ubuntu/.nvm/versions/node/v4.6.1/bin/node',
1 verbose cli   '/home/ubuntu/.nvm/versions/node/v4.6.1/bin/npm',
1 verbose cli   'publish' ]
2 info using npm@2.15.9
3 info using node@v4.6.1
4 verbose publish [ '.' ]
5 silly cache add args [ '.', null ]
6 verbose cache add spec .
7 silly cache add parsed spec Result {
7 silly cache add   raw: '.',
7 silly cache add   scope: null,
7 silly cache add   name: null,
7 silly cache add   rawSpec: '.',
7 silly cache add   spec: '/home/ubuntu/workspace/censorify',
7 silly cache add   type: 'directory' }
8 verbose addLocalDirectory /home/ubuntu/.npm/censorify/0.1.1/package.tgz not in flight; packing
9 verbose correctMkdir /home/ubuntu/.npm correctMkdir not in flight; initializing
10 verbose tar pack [ '/home/ubuntu/.npm/censorify/0.1.1/package.tgz',
10 verbose tar pack   '/home/ubuntu/workspace/censorify' ]
11 verbose tarball /home/ubuntu/.npm/censorify/0.1.1/package.tgz
12 verbose folder /home/ubuntu/workspace/censorify
13 info prepublish censorify@0.1.1
14 verbose addLocalTarball adding from inside cache /home/ubuntu/.npm/censorify/0.1.1/package.tgz
15 verbose correctMkdir /home/ubuntu/.npm correctMkdir not in flight; initializing
16 silly cache afterAdd censorify@0.1.1
17 verbose afterAdd /home/ubuntu/.npm/censorify/0.1.1/package/package.json not in flight; writing
18 verbose correctMkdir /home/ubuntu/.npm correctMkdir not in flight; initializing
19 verbose afterAdd /home/ubuntu/.npm/censorify/0.1.1/package/package.json written
20 silly publish { author: { name: 'yannf87' },
20 silly publish   name: 'censorify',
20 silly publish   version: '0.1.1',
20 silly publish   description: 'Censure des mots',
20 silly publish   main: 'censortext',
20 silly publish   repository:
20 silly publish    { type: 'git',
20 silly publish      url: 'git+https://github.com/YannF87/censorify.git' },
20 silly publish   keywords: [ 'censor', 'words' ],
20 silly publish   dependencies: {},
20 silly publish   engines: { node: '*' },
20 silly publish   bugs: { url: 'https://github.com/YannF87/censorify/issues' },
20 silly publish   readme: 'ERROR: No README data found!',
20 silly publish   homepage: 'https://github.com/YannF87/censorify#readme',
20 silly publish   _id: 'censorify@0.1.1',
20 silly publish   scripts: {},
20 silly publish   _shasum: '6137f83c0b69fc3dad930d598631b99e757b33fa',
20 silly publish   _from: '.' }
21 verbose getPublishConfig undefined
22 silly mapToRegistry name censorify
23 silly mapToRegistry using default registry
24 silly mapToRegistry registry https://registry.npmjs.org/
25 silly mapToRegistry data Result {
25 silly mapToRegistry   raw: 'censorify',
25 silly mapToRegistry   scope: null,
25 silly mapToRegistry   name: 'censorify',
25 silly mapToRegistry   rawSpec: '',
25 silly mapToRegistry   spec: 'latest',
25 silly mapToRegistry   type: 'tag' }
26 silly mapToRegistry uri https://registry.npmjs.org/censorify
27 verbose publish registryBase https://registry.npmjs.org/
28 silly publish uploading /home/ubuntu/.npm/censorify/0.1.1/package.tgz
29 verbose request uri https://registry.npmjs.org/censorify
30 verbose request sending authorization for write operation
31 info attempt registry request try #1 at 6:34:29 PM
32 verbose request using bearer token for auth
33 verbose request id f6f099a822d56606
34 http request PUT https://registry.npmjs.org/censorify
35 http 403 https://registry.npmjs.org/censorify
36 verbose headers { 'content-type': 'application/json',
36 verbose headers   'cache-control': 'max-age=300',
36 verbose headers   'content-length': '103',
36 verbose headers   'accept-ranges': 'bytes',
36 verbose headers   date: 'Wed, 28 Dec 2016 18:34:30 GMT',
36 verbose headers   via: '1.1 varnish',
36 verbose headers   connection: 'keep-alive',
36 verbose headers   'x-served-by': 'cache-lcy1135-LCY',
36 verbose headers   'x-cache': 'MISS',
36 verbose headers   'x-cache-hits': '0',
36 verbose headers   'x-timer': 'S1482950069.729093,VS0,VE557',
36 verbose headers   vary: 'Accept-Encoding' }
37 verbose request invalidating /home/ubuntu/.npm/registry.npmjs.org/censorify on PUT
38 error publish Failed PUT 403
39 verbose stack Error: you do not have permission to publish "censorify". Are you logged in as the correct user? : censorify
39 verbose stack     at makeError (/home/ubuntu/.nvm/versions/node/v4.6.1/lib/node_modules/npm/node_modules/npm-registry-client/lib/request.js:264:12)
39 verbose stack     at CachingRegistryClient.<anonymous> (/home/ubuntu/.nvm/versions/node/v4.6.1/lib/node_modules/npm/node_modules/npm-registry-client/lib/request.js:252:14)
39 verbose stack     at Request._callback (/home/ubuntu/.nvm/versions/node/v4.6.1/lib/node_modules/npm/node_modules/npm-registry-client/lib/request.js:172:14)
39 verbose stack     at Request.self.callback (/home/ubuntu/.nvm/versions/node/v4.6.1/lib/node_modules/npm/node_modules/request/request.js:200:22)
39 verbose stack     at emitTwo (events.js:87:13)
39 verbose stack     at Request.emit (events.js:172:7)
39 verbose stack     at Request.<anonymous> (/home/ubuntu/.nvm/versions/node/v4.6.1/lib/node_modules/npm/node_modules/request/request.js:1067:10)
39 verbose stack     at emitOne (events.js:82:20)
39 verbose stack     at Request.emit (events.js:169:7)
39 verbose stack     at IncomingMessage.<anonymous> (/home/ubuntu/.nvm/versions/node/v4.6.1/lib/node_modules/npm/node_modules/request/request.js:988:12)
40 verbose statusCode 403
41 verbose pkgid censorify
42 verbose cwd /home/ubuntu/workspace/censorify
43 error Linux 4.2.0-c9
44 error argv "/home/ubuntu/.nvm/versions/node/v4.6.1/bin/node" "/home/ubuntu/.nvm/versions/node/v4.6.1/bin/npm" "publish"
45 error node v4.6.1
46 error npm  v2.15.9
47 error code E403
48 error you do not have permission to publish "censorify". Are you logged in as the correct user? : censorify
49 error If you need help, you may report this error at:
49 error     <https://github.com/npm/npm/issues>
50 verbose exit [ 1, true ]
